<?xml version="1.0" encoding="UTF-8"?>
<!-- Generated by org.testng.reporters.JUnitReportReporter -->
<testsuite skipped="0" hostname="Ramyah-VAIO" name="secondTest.SecondTest" tests="1" failures="0" timestamp="23 Jan 2020 04:10:44 GMT" time="63.797" errors="0">
  <testcase name="validateSecondTest" time="63.797" classname="secondTest.SecondTest"/>
</testsuite> <!-- secondTest.SecondTest -->
