<?xml version="1.0" encoding="UTF-8"?>
<!-- Generated by org.testng.reporters.JUnitReportReporter -->
<testsuite skipped="0" hostname="Ramyah-VAIO" name="firstTest.FirstTest" tests="1" failures="0" timestamp="23 Jan 2020 05:14:21 GMT" time="40.569" errors="0">
  <testcase name="validateFirstTest" time="40.569" classname="firstTest.FirstTest"/>
</testsuite> <!-- firstTest.FirstTest -->
